f:\mygithub\eluosifangkuai_qt5\eluosifangkuai\eluosifangkuai\x64\release\eluosifangkuai.pch
f:\mygithub\eluosifangkuai_qt5\eluosifangkuai\eluosifangkuai\x64\release\stdafx.obj
f:\mygithub\eluosifangkuai_qt5\eluosifangkuai\eluosifangkuai\x64\release\qrc_game.obj
f:\mygithub\eluosifangkuai_qt5\eluosifangkuai\eluosifangkuai\x64\release\main.obj
f:\mygithub\eluosifangkuai_qt5\eluosifangkuai\eluosifangkuai\x64\release\game.obj
f:\mygithub\eluosifangkuai_qt5\eluosifangkuai\eluosifangkuai\x64\release\moc_game.obj
f:\mygithub\eluosifangkuai_qt5\eluosifangkuai\eluosifangkuai\generatedfiles\qrc_game.cpp
f:\mygithub\eluosifangkuai_qt5\eluosifangkuai\eluosifangkuai\generatedfiles\release\moc_game.cpp
f:\mygithub\eluosifangkuai_qt5\eluosifangkuai\eluosifangkuai\generatedfiles\ui_game.h
f:\mygithub\eluosifangkuai_qt5\eluosifangkuai\x64\release\eluosifangkuai.exe
f:\mygithub\eluosifangkuai_qt5\eluosifangkuai\eluosifangkuai\x64\release\eluosifangkuai.res
f:\mygithub\eluosifangkuai_qt5\eluosifangkuai\eluosifangkuai\x64\release\eluosifangkuai.tlog\cl.command.1.tlog
f:\mygithub\eluosifangkuai_qt5\eluosifangkuai\eluosifangkuai\x64\release\eluosifangkuai.tlog\cl.read.1.tlog
f:\mygithub\eluosifangkuai_qt5\eluosifangkuai\eluosifangkuai\x64\release\eluosifangkuai.tlog\cl.write.1.tlog
f:\mygithub\eluosifangkuai_qt5\eluosifangkuai\eluosifangkuai\x64\release\eluosifangkuai.tlog\custombuild.command.1.tlog
f:\mygithub\eluosifangkuai_qt5\eluosifangkuai\eluosifangkuai\x64\release\eluosifangkuai.tlog\custombuild.read.1.tlog
f:\mygithub\eluosifangkuai_qt5\eluosifangkuai\eluosifangkuai\x64\release\eluosifangkuai.tlog\custombuild.write.1.tlog
f:\mygithub\eluosifangkuai_qt5\eluosifangkuai\eluosifangkuai\x64\release\eluosifangkuai.tlog\link.command.1.tlog
f:\mygithub\eluosifangkuai_qt5\eluosifangkuai\eluosifangkuai\x64\release\eluosifangkuai.tlog\link.read.1.tlog
f:\mygithub\eluosifangkuai_qt5\eluosifangkuai\eluosifangkuai\x64\release\eluosifangkuai.tlog\link.write.1.tlog
f:\mygithub\eluosifangkuai_qt5\eluosifangkuai\eluosifangkuai\x64\release\eluosifangkuai.tlog\rc.command.1.tlog
f:\mygithub\eluosifangkuai_qt5\eluosifangkuai\eluosifangkuai\x64\release\eluosifangkuai.tlog\rc.read.1.tlog
f:\mygithub\eluosifangkuai_qt5\eluosifangkuai\eluosifangkuai\x64\release\eluosifangkuai.tlog\rc.write.1.tlog
